2015-03-11 13:22:01,545 [9] ERROR EPiServer.Global: 1.2.5 Unhandled exception in ASP.NET
System.Collections.Generic.KeyNotFoundException: The given key was not present in the dictionary.
   at System.Collections.Generic.Dictionary`2.get_Item(TKey key)
   at EPiServerXhtmlStringSettings.Business.EditorDescriptors.CustomXhtmlStringEditorDescriptor.ModifyMetadata(ExtendedMetadata metadata, IEnumerable`1 attributes) in d:\Dev\GitHub\EPiServerXhtmlStringSettings\EPiServerXhtmlStringSettings\Business\EditorDescriptors\CustomXhtmlStringEditorDescriptor.cs:line 21
   at EPiServer.Shell.ObjectEditing.ExtensibleMetadataProvider.ApplyExtendersToMetadata(ExtendedMetadata metadata, IEnumerable`1 attributes, IEnumerable`1 metadataHandlers)
   at EPiServer.Shell.ObjectEditing.ExtensibleMetadataProvider.GetMetadataForProperties(ExtendedMetadata parent, Object container, Type containerType, IMetadataProvider customProvider)
   at EPiServer.Shell.ObjectEditing.ExtendedMetadata.get_Properties()
   at EPiServer.Cms.Shell.UI.ObjectEditing.SettingsPanelMetadataExtender.ModifyMetadata(ExtendedMetadata metadata, IEnumerable`1 attributes)
   at EPiServer.Shell.ObjectEditing.ExtensibleMetadataProvider.ApplyExtendersToMetadata(ExtendedMetadata metadata, IEnumerable`1 attributes, IEnumerable`1 metadataHandlers)
   at EPiServer.Shell.ObjectEditing.ExtensibleMetadataProvider.CreateMetadata(IEnumerable`1 attributes, Type containerType, Func`1 modelAccessor, Type modelType, String propertyName)
   at System.Web.Mvc.AssociatedMetadataProvider.GetMetadataForType(Func`1 modelAccessor, Type modelType)
   at EPiServer.Shell.UI.Rest.MetadataStore.Get(String id, String modelAccessor)
   at lambda_method(Closure , ControllerBase , Object[] )
   at System.Web.Mvc.ActionMethodDispatcher.Execute(ControllerBase controller, Object[] parameters)
   at System.Web.Mvc.ReflectedActionDescriptor.Execute(ControllerContext controllerContext, IDictionary`2 parameters)
   at System.Web.Mvc.ControllerActionInvoker.InvokeActionMethod(ControllerContext controllerContext, ActionDescriptor actionDescriptor, IDictionary`2 parameters)
   at System.Web.Mvc.ControllerActionInvoker.<>c__DisplayClass13.<InvokeActionMethodWithFilters>b__10()
   at System.Web.Mvc.ControllerActionInvoker.InvokeActionMethodFilter(IActionFilter filter, ActionExecutingContext preContext, Func`1 continuation)
   at System.Web.Mvc.ControllerActionInvoker.<>c__DisplayClass13.<>c__DisplayClass15.<InvokeActionMethodWithFilters>b__12()
   at System.Web.Mvc.ControllerActionInvoker.InvokeActionMethodFilter(IActionFilter filter, ActionExecutingContext preContext, Func`1 continuation)
   at System.Web.Mvc.ControllerActionInvoker.<>c__DisplayClass13.<>c__DisplayClass15.<InvokeActionMethodWithFilters>b__12()
   at System.Web.Mvc.ControllerActionInvoker.InvokeActionMethodWithFilters(ControllerContext controllerContext, IList`1 filters, ActionDescriptor actionDescriptor, IDictionary`2 parameters)
   at System.Web.Mvc.ControllerActionInvoker.InvokeAction(ControllerContext controllerContext, String actionName)
   at EPiServer.Shell.Services.Rest.RestControllerBase.ExecuteCore()
   at System.Web.Mvc.ControllerBase.Execute(RequestContext requestContext)
   at System.Web.Mvc.ControllerBase.System.Web.Mvc.IController.Execute(RequestContext requestContext)
   at EPiServer.Shell.Services.Rest.RestHttpHandler.ProcessRequest(HttpContextBase httpContext)
   at EPiServer.Shell.Services.Rest.RestHttpHandler.ProcessRequest(HttpContext context)
   at System.Web.HttpApplication.CallHandlerExecutionStep.System.Web.HttpApplication.IExecutionStep.Execute()
   at System.Web.HttpApplication.ExecuteStep(IExecutionStep step, Boolean& completedSynchronously)
2015-03-11 13:22:10,852 [8] ERROR EPiServer.Global: 1.2.5 Unhandled exception in ASP.NET
System.Collections.Generic.KeyNotFoundException: The given key was not present in the dictionary.
   at System.Collections.Generic.Dictionary`2.get_Item(TKey key)
   at EPiServerXhtmlStringSettings.Business.EditorDescriptors.CustomXhtmlStringEditorDescriptor.ModifyMetadata(ExtendedMetadata metadata, IEnumerable`1 attributes) in d:\Dev\GitHub\EPiServerXhtmlStringSettings\EPiServerXhtmlStringSettings\Business\EditorDescriptors\CustomXhtmlStringEditorDescriptor.cs:line 21
   at EPiServer.Shell.ObjectEditing.ExtensibleMetadataProvider.ApplyExtendersToMetadata(ExtendedMetadata metadata, IEnumerable`1 attributes, IEnumerable`1 metadataHandlers)
   at EPiServer.Shell.ObjectEditing.ExtensibleMetadataProvider.GetMetadataForProperties(ExtendedMetadata parent, Object container, Type containerType, IMetadataProvider customProvider)
   at EPiServer.Shell.ObjectEditing.ExtendedMetadata.get_Properties()
   at EPiServer.Cms.Shell.UI.ObjectEditing.SettingsPanelMetadataExtender.ModifyMetadata(ExtendedMetadata metadata, IEnumerable`1 attributes)
   at EPiServer.Shell.ObjectEditing.ExtensibleMetadataProvider.ApplyExtendersToMetadata(ExtendedMetadata metadata, IEnumerable`1 attributes, IEnumerable`1 metadataHandlers)
   at EPiServer.Shell.ObjectEditing.ExtensibleMetadataProvider.CreateMetadata(IEnumerable`1 attributes, Type containerType, Func`1 modelAccessor, Type modelType, String propertyName)
   at System.Web.Mvc.AssociatedMetadataProvider.GetMetadataForType(Func`1 modelAccessor, Type modelType)
   at EPiServer.Shell.UI.Rest.MetadataStore.Get(String id, String modelAccessor)
   at lambda_method(Closure , ControllerBase , Object[] )
   at System.Web.Mvc.ActionMethodDispatcher.Execute(ControllerBase controller, Object[] parameters)
   at System.Web.Mvc.ReflectedActionDescriptor.Execute(ControllerContext controllerContext, IDictionary`2 parameters)
   at System.Web.Mvc.ControllerActionInvoker.InvokeActionMethod(ControllerContext controllerContext, ActionDescriptor actionDescriptor, IDictionary`2 parameters)
   at System.Web.Mvc.ControllerActionInvoker.<>c__DisplayClass13.<InvokeActionMethodWithFilters>b__10()
   at System.Web.Mvc.ControllerActionInvoker.InvokeActionMethodFilter(IActionFilter filter, ActionExecutingContext preContext, Func`1 continuation)
   at System.Web.Mvc.ControllerActionInvoker.<>c__DisplayClass13.<>c__DisplayClass15.<InvokeActionMethodWithFilters>b__12()
   at System.Web.Mvc.ControllerActionInvoker.InvokeActionMethodFilter(IActionFilter filter, ActionExecutingContext preContext, Func`1 continuation)
   at System.Web.Mvc.ControllerActionInvoker.<>c__DisplayClass13.<>c__DisplayClass15.<InvokeActionMethodWithFilters>b__12()
   at System.Web.Mvc.ControllerActionInvoker.InvokeActionMethodWithFilters(ControllerContext controllerContext, IList`1 filters, ActionDescriptor actionDescriptor, IDictionary`2 parameters)
   at System.Web.Mvc.ControllerActionInvoker.InvokeAction(ControllerContext controllerContext, String actionName)
   at EPiServer.Shell.Services.Rest.RestControllerBase.ExecuteCore()
   at System.Web.Mvc.ControllerBase.Execute(RequestContext requestContext)
   at System.Web.Mvc.ControllerBase.System.Web.Mvc.IController.Execute(RequestContext requestContext)
   at EPiServer.Shell.Services.Rest.RestHttpHandler.ProcessRequest(HttpContextBase httpContext)
   at EPiServer.Shell.Services.Rest.RestHttpHandler.ProcessRequest(HttpContext context)
   at System.Web.HttpApplication.CallHandlerExecutionStep.System.Web.HttpApplication.IExecutionStep.Execute()
   at System.Web.HttpApplication.ExecuteStep(IExecutionStep step, Boolean& completedSynchronously)
2015-03-11 13:25:03,167 [9] ERROR EPiServer.Global: 1.2.5 Unhandled exception in ASP.NET
System.Collections.Generic.KeyNotFoundException: The given key was not present in the dictionary.
   at System.Collections.Generic.Dictionary`2.get_Item(TKey key)
   at EPiServerXhtmlStringSettings.Business.EditorDescriptors.CustomXhtmlStringEditorDescriptor.ModifyMetadata(ExtendedMetadata metadata, IEnumerable`1 attributes) in d:\Dev\GitHub\EPiServerXhtmlStringSettings\EPiServerXhtmlStringSettings\Business\EditorDescriptors\CustomXhtmlStringEditorDescriptor.cs:line 21
   at EPiServer.Shell.ObjectEditing.ExtensibleMetadataProvider.ApplyExtendersToMetadata(ExtendedMetadata metadata, IEnumerable`1 attributes, IEnumerable`1 metadataHandlers)
   at EPiServer.Shell.ObjectEditing.ExtensibleMetadataProvider.GetMetadataForProperties(ExtendedMetadata parent, Object container, Type containerType, IMetadataProvider customProvider)
   at EPiServer.Shell.ObjectEditing.ExtendedMetadata.get_Properties()
   at EPiServer.Cms.Shell.UI.ObjectEditing.SettingsPanelMetadataExtender.ModifyMetadata(ExtendedMetadata metadata, IEnumerable`1 attributes)
   at EPiServer.Shell.ObjectEditing.ExtensibleMetadataProvider.ApplyExtendersToMetadata(ExtendedMetadata metadata, IEnumerable`1 attributes, IEnumerable`1 metadataHandlers)
   at EPiServer.Shell.ObjectEditing.ExtensibleMetadataProvider.CreateMetadata(IEnumerable`1 attributes, Type containerType, Func`1 modelAccessor, Type modelType, String propertyName)
   at System.Web.Mvc.AssociatedMetadataProvider.GetMetadataForType(Func`1 modelAccessor, Type modelType)
   at EPiServer.Shell.UI.Rest.MetadataStore.Get(String id, String modelAccessor)
   at lambda_method(Closure , ControllerBase , Object[] )
   at System.Web.Mvc.ActionMethodDispatcher.Execute(ControllerBase controller, Object[] parameters)
   at System.Web.Mvc.ReflectedActionDescriptor.Execute(ControllerContext controllerContext, IDictionary`2 parameters)
   at System.Web.Mvc.ControllerActionInvoker.InvokeActionMethod(ControllerContext controllerContext, ActionDescriptor actionDescriptor, IDictionary`2 parameters)
   at System.Web.Mvc.ControllerActionInvoker.<>c__DisplayClass13.<InvokeActionMethodWithFilters>b__10()
   at System.Web.Mvc.ControllerActionInvoker.InvokeActionMethodFilter(IActionFilter filter, ActionExecutingContext preContext, Func`1 continuation)
   at System.Web.Mvc.ControllerActionInvoker.<>c__DisplayClass13.<>c__DisplayClass15.<InvokeActionMethodWithFilters>b__12()
   at System.Web.Mvc.ControllerActionInvoker.InvokeActionMethodFilter(IActionFilter filter, ActionExecutingContext preContext, Func`1 continuation)
   at System.Web.Mvc.ControllerActionInvoker.<>c__DisplayClass13.<>c__DisplayClass15.<InvokeActionMethodWithFilters>b__12()
   at System.Web.Mvc.ControllerActionInvoker.InvokeActionMethodWithFilters(ControllerContext controllerContext, IList`1 filters, ActionDescriptor actionDescriptor, IDictionary`2 parameters)
   at System.Web.Mvc.ControllerActionInvoker.InvokeAction(ControllerContext controllerContext, String actionName)
   at EPiServer.Shell.Services.Rest.RestControllerBase.ExecuteCore()
   at System.Web.Mvc.ControllerBase.Execute(RequestContext requestContext)
   at System.Web.Mvc.ControllerBase.System.Web.Mvc.IController.Execute(RequestContext requestContext)
   at EPiServer.Shell.Services.Rest.RestHttpHandler.ProcessRequest(HttpContextBase httpContext)
   at EPiServer.Shell.Services.Rest.RestHttpHandler.ProcessRequest(HttpContext context)
   at System.Web.HttpApplication.CallHandlerExecutionStep.System.Web.HttpApplication.IExecutionStep.Execute()
   at System.Web.HttpApplication.ExecuteStep(IExecutionStep step, Boolean& completedSynchronously)
2015-03-11 13:25:03,869 [7] ERROR EPiServer.Global: 1.2.5 Unhandled exception in ASP.NET
System.Collections.Generic.KeyNotFoundException: The given key was not present in the dictionary.
   at System.Collections.Generic.Dictionary`2.get_Item(TKey key)
   at EPiServerXhtmlStringSettings.Business.EditorDescriptors.CustomXhtmlStringEditorDescriptor.ModifyMetadata(ExtendedMetadata metadata, IEnumerable`1 attributes) in d:\Dev\GitHub\EPiServerXhtmlStringSettings\EPiServerXhtmlStringSettings\Business\EditorDescriptors\CustomXhtmlStringEditorDescriptor.cs:line 21
   at EPiServer.Shell.ObjectEditing.ExtensibleMetadataProvider.ApplyExtendersToMetadata(ExtendedMetadata metadata, IEnumerable`1 attributes, IEnumerable`1 metadataHandlers)
   at EPiServer.Shell.ObjectEditing.ExtensibleMetadataProvider.GetMetadataForProperties(ExtendedMetadata parent, Object container, Type containerType, IMetadataProvider customProvider)
   at EPiServer.Shell.ObjectEditing.ExtendedMetadata.get_Properties()
   at EPiServer.Cms.Shell.UI.ObjectEditing.SettingsPanelMetadataExtender.ModifyMetadata(ExtendedMetadata metadata, IEnumerable`1 attributes)
   at EPiServer.Shell.ObjectEditing.ExtensibleMetadataProvider.ApplyExtendersToMetadata(ExtendedMetadata metadata, IEnumerable`1 attributes, IEnumerable`1 metadataHandlers)
   at EPiServer.Shell.ObjectEditing.ExtensibleMetadataProvider.CreateMetadata(IEnumerable`1 attributes, Type containerType, Func`1 modelAccessor, Type modelType, String propertyName)
   at System.Web.Mvc.AssociatedMetadataProvider.GetMetadataForType(Func`1 modelAccessor, Type modelType)
   at EPiServer.Shell.UI.Rest.MetadataStore.Get(String id, String modelAccessor)
   at lambda_method(Closure , ControllerBase , Object[] )
   at System.Web.Mvc.ActionMethodDispatcher.Execute(ControllerBase controller, Object[] parameters)
   at System.Web.Mvc.ReflectedActionDescriptor.Execute(ControllerContext controllerContext, IDictionary`2 parameters)
   at System.Web.Mvc.ControllerActionInvoker.InvokeActionMethod(ControllerContext controllerContext, ActionDescriptor actionDescriptor, IDictionary`2 parameters)
   at System.Web.Mvc.ControllerActionInvoker.<>c__DisplayClass13.<InvokeActionMethodWithFilters>b__10()
   at System.Web.Mvc.ControllerActionInvoker.InvokeActionMethodFilter(IActionFilter filter, ActionExecutingContext preContext, Func`1 continuation)
   at System.Web.Mvc.ControllerActionInvoker.<>c__DisplayClass13.<>c__DisplayClass15.<InvokeActionMethodWithFilters>b__12()
   at System.Web.Mvc.ControllerActionInvoker.InvokeActionMethodFilter(IActionFilter filter, ActionExecutingContext preContext, Func`1 continuation)
   at System.Web.Mvc.ControllerActionInvoker.<>c__DisplayClass13.<>c__DisplayClass15.<InvokeActionMethodWithFilters>b__12()
   at System.Web.Mvc.ControllerActionInvoker.InvokeActionMethodWithFilters(ControllerContext controllerContext, IList`1 filters, ActionDescriptor actionDescriptor, IDictionary`2 parameters)
   at System.Web.Mvc.ControllerActionInvoker.InvokeAction(ControllerContext controllerContext, String actionName)
   at EPiServer.Shell.Services.Rest.RestControllerBase.ExecuteCore()
   at System.Web.Mvc.ControllerBase.Execute(RequestContext requestContext)
   at System.Web.Mvc.ControllerBase.System.Web.Mvc.IController.Execute(RequestContext requestContext)
   at EPiServer.Shell.Services.Rest.RestHttpHandler.ProcessRequest(HttpContextBase httpContext)
   at EPiServer.Shell.Services.Rest.RestHttpHandler.ProcessRequest(HttpContext context)
   at System.Web.HttpApplication.CallHandlerExecutionStep.System.Web.HttpApplication.IExecutionStep.Execute()
   at System.Web.HttpApplication.ExecuteStep(IExecutionStep step, Boolean& completedSynchronously)
2015-03-11 13:25:04,205 [8] ERROR EPiServer.Global: 1.2.5 Unhandled exception in ASP.NET
System.Collections.Generic.KeyNotFoundException: The given key was not present in the dictionary.
   at System.Collections.Generic.Dictionary`2.get_Item(TKey key)
   at EPiServerXhtmlStringSettings.Business.EditorDescriptors.CustomXhtmlStringEditorDescriptor.ModifyMetadata(ExtendedMetadata metadata, IEnumerable`1 attributes) in d:\Dev\GitHub\EPiServerXhtmlStringSettings\EPiServerXhtmlStringSettings\Business\EditorDescriptors\CustomXhtmlStringEditorDescriptor.cs:line 21
   at EPiServer.Shell.ObjectEditing.ExtensibleMetadataProvider.ApplyExtendersToMetadata(ExtendedMetadata metadata, IEnumerable`1 attributes, IEnumerable`1 metadataHandlers)
   at EPiServer.Shell.ObjectEditing.ExtensibleMetadataProvider.GetMetadataForProperties(ExtendedMetadata parent, Object container, Type containerType, IMetadataProvider customProvider)
   at EPiServer.Shell.ObjectEditing.ExtendedMetadata.get_Properties()
   at EPiServer.Cms.Shell.UI.ObjectEditing.SettingsPanelMetadataExtender.ModifyMetadata(ExtendedMetadata metadata, IEnumerable`1 attributes)
   at EPiServer.Shell.ObjectEditing.ExtensibleMetadataProvider.ApplyExtendersToMetadata(ExtendedMetadata metadata, IEnumerable`1 attributes, IEnumerable`1 metadataHandlers)
   at EPiServer.Shell.ObjectEditing.ExtensibleMetadataProvider.CreateMetadata(IEnumerable`1 attributes, Type containerType, Func`1 modelAccessor, Type modelType, String propertyName)
   at System.Web.Mvc.AssociatedMetadataProvider.GetMetadataForType(Func`1 modelAccessor, Type modelType)
   at EPiServer.Shell.UI.Rest.MetadataStore.Get(String id, String modelAccessor)
   at lambda_method(Closure , ControllerBase , Object[] )
   at System.Web.Mvc.ActionMethodDispatcher.Execute(ControllerBase controller, Object[] parameters)
   at System.Web.Mvc.ReflectedActionDescriptor.Execute(ControllerContext controllerContext, IDictionary`2 parameters)
   at System.Web.Mvc.ControllerActionInvoker.InvokeActionMethod(ControllerContext controllerContext, ActionDescriptor actionDescriptor, IDictionary`2 parameters)
   at System.Web.Mvc.ControllerActionInvoker.<>c__DisplayClass13.<InvokeActionMethodWithFilters>b__10()
   at System.Web.Mvc.ControllerActionInvoker.InvokeActionMethodFilter(IActionFilter filter, ActionExecutingContext preContext, Func`1 continuation)
   at System.Web.Mvc.ControllerActionInvoker.<>c__DisplayClass13.<>c__DisplayClass15.<InvokeActionMethodWithFilters>b__12()
   at System.Web.Mvc.ControllerActionInvoker.InvokeActionMethodFilter(IActionFilter filter, ActionExecutingContext preContext, Func`1 continuation)
   at System.Web.Mvc.ControllerActionInvoker.<>c__DisplayClass13.<>c__DisplayClass15.<InvokeActionMethodWithFilters>b__12()
   at System.Web.Mvc.ControllerActionInvoker.InvokeActionMethodWithFilters(ControllerContext controllerContext, IList`1 filters, ActionDescriptor actionDescriptor, IDictionary`2 parameters)
   at System.Web.Mvc.ControllerActionInvoker.InvokeAction(ControllerContext controllerContext, String actionName)
   at EPiServer.Shell.Services.Rest.RestControllerBase.ExecuteCore()
   at System.Web.Mvc.ControllerBase.Execute(RequestContext requestContext)
   at System.Web.Mvc.ControllerBase.System.Web.Mvc.IController.Execute(RequestContext requestContext)
   at EPiServer.Shell.Services.Rest.RestHttpHandler.ProcessRequest(HttpContextBase httpContext)
   at EPiServer.Shell.Services.Rest.RestHttpHandler.ProcessRequest(HttpContext context)
   at System.Web.HttpApplication.CallHandlerExecutionStep.System.Web.HttpApplication.IExecutionStep.Execute()
   at System.Web.HttpApplication.ExecuteStep(IExecutionStep step, Boolean& completedSynchronously)
